# JRE version: OpenJDK Runtime Environment GraalVM CE 22.3.0 (17.0.5+8) (build 17.0.5+8-jvmci-22.3-b08)
# Java VM: OpenJDK 64-Bit Server VM GraalVM CE 22.3.0 (17.0.5+8-jvmci-22.3-b08, mixed mode, sharing, tiered, jvmci, jvmci compiler, compressed oops, compressed class ptrs, parallel gc, linux-amd64)
GC Precious Log:
 CPUs: 8 total, 1 available
 Memory: 1024M
 Large Page Support: Disabled
 NUMA Support: Disabled
 Compressed Oops: Enabled (32-bit)
 Alignments: Space 512K, Generation 512K, Heap 2M
 Heap Min Capacity: 100M
 Heap Initial Capacity: 100M
 Heap Max Capacity: 512M
 Pre-touch: Disabled
 Parallel Workers: 1
Heap:
 PSYoungGen      total 35840K, used 25088K [0x00000000f5580000, 0x00000000f9c00000, 0x0000000100000000)
  eden space 25088K, 100% used [0x00000000f5580000,0x00000000f6e00000,0x00000000f6e00000)
  from space 10752K, 0% used [0x00000000f6e00000,0x00000000f6e00000,0x00000000f7880000)
  to   space 21504K, 0% used [0x00000000f8700000,0x00000000f8700000,0x00000000f9c00000)
 ParOldGen       total 349696K, used 349695K [0x00000000e0000000, 0x00000000f5580000, 0x00000000f5580000)
  object space 349696K, 99% used [0x00000000e0000000,0x00000000f557fff0,0x00000000f5580000)
 Metaspace       used 47955K, committed 48704K, reserved 1097728K
  class space    used 4764K, committed 5120K, reserved 1048576K
GC Heap History (20 events):
Event: 1039.744 GC heap before
{Heap before GC invocations=756 (full 647):
 PSYoungGen      total 35840K, used 25087K [0x00000000f5580000, 0x00000000f9c00000, 0x0000000100000000)
  eden space 25088K, 99% used [0x00000000f5580000,0x00000000f6dffff8,0x00000000f6e00000)
  from space 10752K, 0% used [0x00000000f6e00000,0x00000000f6e00000,0x00000000f7880000)
  to   space 21504K, 0% used [0x00000000f8700000,0x00000000f8700000,0x00000000f9c00000)
 ParOldGen       total 349696K, used 349695K [0x00000000e0000000, 0x00000000f5580000, 0x00000000f5580000)
  object space 349696K, 99% used [0x00000000e0000000,0x00000000f557fff0,0x00000000f5580000)
 Metaspace       used 47955K, committed 48704K, reserved 1097728K
  class space    used 4764K, committed 5120K, reserved 1048576K
}
Event: 1041.248 GC heap after
{Heap after GC invocations=756 (full 647):
 PSYoungGen      total 46592K, used 25087K [0x00000000f5580000, 0x00000000f9c00000, 0x0000000100000000)
  eden space 25088K, 99% used [0x00000000f5580000,0x00000000f6dffff8,0x00000000f6e00000)
  from space 21504K, 0% used [0x00000000f8700000,0x00000000f8700000,0x00000000f9c00000)
  to   space 10752K, 0% used [0x00000000f6e00000,0x00000000f6e00000,0x00000000f7880000)
 ParOldGen       total 349696K, used 349695K [0x00000000e0000000, 0x00000000f5580000, 0x00000000f5580000)
  object space 349696K, 99% used [0x00000000e0000000,0x00000000f557ffb8,0x00000000f5580000)
 Metaspace       used 47955K, committed 48704K, reserved 1097728K
  class space    used 4764K, committed 5120K, reserved 1048576K
}
Event: 1041.248 GC heap before
{Heap before GC invocations=757 (full 648):
 PSYoungGen      total 46592K, used 25087K [0x00000000f5580000, 0x00000000f9c00000, 0x0000000100000000)
  eden space 25088K, 99% used [0x00000000f5580000,0x00000000f6dffff8,0x00000000f6e00000)
  from space 21504K, 0% used [0x00000000f8700000,0x00000000f8700000,0x00000000f9c00000)
  to   space 10752K, 0% used [0x00000000f6e00000,0x00000000f6e00000,0x00000000f7880000)
 ParOldGen       total 349696K, used 349696K [0x00000000e0000000, 0x00000000f5580000, 0x00000000f5580000)
  object space 349696K, 100% used [0x00000000e0000000,0x00000000f5580000,0x00000000f5580000)
 Metaspace       used 47955K, committed 48704K, reserved 1097728K
  class space    used 4764K, committed 5120K, reserved 1048576K
}
Event: 1042.858 GC heap after
{Heap after GC invocations=757 (full 648):
 PSYoungGen      total 35840K, used 25087K [0x00000000f5580000, 0x00000000f9c00000, 0x0000000100000000)
  eden space 25088K, 99% used [0x00000000f5580000,0x00000000f6dffff8,0x00000000f6e00000)
  from space 10752K, 0% used [0x00000000f6e00000,0x00000000f6e00000,0x00000000f7880000)
  to   space 21504K, 0% used [0x00000000f8700000,0x00000000f8700000,0x00000000f9c00000)
 ParOldGen       total 349696K, used 349696K [0x00000000e0000000, 0x00000000f5580000, 0x00000000f5580000)
  object space 349696K, 100% used [0x00000000e0000000,0x00000000f5580000,0x00000000f5580000)
 Metaspace       used 47955K, committed 48704K, reserved 1097728K
  class space    used 4764K, committed 5120K, reserved 1048576K
}
Event: 1042.858 GC heap before
{Heap before GC invocations=758 (full 649):
 PSYoungGen      total 35840K, used 25087K [0x00000000f5580000, 0x00000000f9c00000, 0x0000000100000000)
  eden space 25088K, 99% used [0x00000000f5580000,0x00000000f6dffff8,0x00000000f6e00000)
  from space 10752K, 0% used [0x00000000f6e00000,0x00000000f6e00000,0x00000000f7880000)
  to   space 21504K, 0% used [0x00000000f8700000,0x00000000f8700000,0x00000000f9c00000)
 ParOldGen       total 349696K, used 349696K [0x00000000e0000000, 0x00000000f5580000, 0x00000000f5580000)
  object space 349696K, 100% used [0x00000000e0000000,0x00000000f5580000,0x00000000f5580000)
 Metaspace       used 47955K, committed 48704K, reserved 1097728K
  class space    used 4764K, committed 5120K, reserved 1048576K
}
Event: 1044.435 GC heap after
{Heap after GC invocations=758 (full 649):
 PSYoungGen      total 46592K, used 25087K [0x00000000f5580000, 0x00000000f9c00000, 0x0000000100000000)
  eden space 25088K, 99% used [0x00000000f5580000,0x00000000f6dffff8,0x00000000f6e00000)
  from space 21504K, 0% used [0x00000000f8700000,0x00000000f8700000,0x00000000f9c00000)
  to   space 10752K, 0% used [0x00000000f6e00000,0x00000000f6e00000,0x00000000f7880000)
 ParOldGen       total 349696K, used 349695K [0x00000000e0000000, 0x00000000f5580000, 0x00000000f5580000)
  object space 349696K, 99% used [0x00000000e0000000,0x00000000f557ff20,0x00000000f5580000)
 Metaspace       used 47955K, committed 48704K, reserved 1097728K
  class space    used 4764K, committed 5120K, reserved 1048576K
}
Event: 1044.435 GC heap before
{Heap before GC invocations=759 (full 650):
 PSYoungGen      total 46592K, used 25087K [0x00000000f5580000, 0x00000000f9c00000, 0x0000000100000000)
  eden space 25088K, 99% used [0x00000000f5580000,0x00000000f6dffff8,0x00000000f6e00000)
  from space 21504K, 0% used [0x00000000f8700000,0x00000000f8700000,0x00000000f9c00000)
  to   space 10752K, 0% used [0x00000000f6e00000,0x00000000f6e00000,0x00000000f7880000)
 ParOldGen       total 349696K, used 349695K [0x00000000e0000000, 0x00000000f5580000, 0x00000000f5580000)
  object space 349696K, 99% used [0x00000000e0000000,0x00000000f557ffa8,0x00000000f5580000)
 Metaspace       used 47955K, committed 48704K, reserved 1097728K
  class space    used 4764K, committed 5120K, reserved 1048576K
}
Event: 1046.046 GC heap after
{Heap after GC invocations=759 (full 650):
 PSYoungGen      total 35840K, used 25087K [0x00000000f5580000, 0x00000000f9c00000, 0x0000000100000000)
  eden space 25088K, 99% used [0x00000000f5580000,0x00000000f6dffff8,0x00000000f6e00000)
  from space 10752K, 0% used [0x00000000f6e00000,0x00000000f6e00000,0x00000000f7880000)
  to   space 21504K, 0% used [0x00000000f8700000,0x00000000f8700000,0x00000000f9c00000)
 ParOldGen       total 349696K, used 349695K [0x00000000e0000000, 0x00000000f5580000, 0x00000000f5580000)
  object space 349696K, 99% used [0x00000000e0000000,0x00000000f557ff90,0x00000000f5580000)
 Metaspace       used 47955K, committed 48704K, reserved 1097728K
  class space    used 4764K, committed 5120K, reserved 1048576K
}
Event: 1046.046 GC heap before
{Heap before GC invocations=760 (full 651):
 PSYoungGen      total 35840K, used 25087K [0x00000000f5580000, 0x00000000f9c00000, 0x0000000100000000)
  eden space 25088K, 99% used [0x00000000f5580000,0x00000000f6dffff8,0x00000000f6e00000)
  from space 10752K, 0% used [0x00000000f6e00000,0x00000000f6e00000,0x00000000f7880000)
  to   space 21504K, 0% used [0x00000000f8700000,0x00000000f8700000,0x00000000f9c00000)
 ParOldGen       total 349696K, used 349695K [0x00000000e0000000, 0x00000000f5580000, 0x00000000f5580000)
  object space 349696K, 99% used [0x00000000e0000000,0x00000000f557ff90,0x00000000f5580000)
 Metaspace       used 47955K, committed 48704K, reserved 1097728K
  class space    used 4764K, committed 5120K, reserved 1048576K
}
Event: 1047.711 GC heap after
{Heap after GC invocations=760 (full 651):
 PSYoungGen      total 46592K, used 25087K [0x00000000f5580000, 0x00000000f9c00000, 0x0000000100000000)
  eden space 25088K, 99% used [0x00000000f5580000,0x00000000f6dffff8,0x00000000f6e00000)
  from space 21504K, 0% used [0x00000000f8700000,0x00000000f8700000,0x00000000f9c00000)
  to   space 10752K, 0% used [0x00000000f6e00000,0x00000000f6e00000,0x00000000f7880000)
 ParOldGen       total 349696K, used 349695K [0x00000000e0000000, 0x00000000f5580000, 0x00000000f5580000)
  object space 349696K, 99% used [0x00000000e0000000,0x00000000f557ff90,0x00000000f5580000)
 Metaspace       used 47955K, committed 48704K, reserved 1097728K
  class space    used 4764K, committed 5120K, reserved 1048576K
}
Event: 1047.712 GC heap before
{Heap before GC invocations=761 (full 652):
 PSYoungGen      total 46592K, used 25087K [0x00000000f5580000, 0x00000000f9c00000, 0x0000000100000000)
  eden space 25088K, 99% used [0x00000000f5580000,0x00000000f6dffff8,0x00000000f6e00000)
  from space 21504K, 0% used [0x00000000f8700000,0x00000000f8700000,0x00000000f9c00000)
  to   space 10752K, 0% used [0x00000000f6e00000,0x00000000f6e00000,0x00000000f7880000)
 ParOldGen       total 349696K, used 349696K [0x00000000e0000000, 0x00000000f5580000, 0x00000000f5580000)
  object space 349696K, 100% used [0x00000000e0000000,0x00000000f5580000,0x00000000f5580000)
 Metaspace       used 47955K, committed 48704K, reserved 1097728K
  class space    used 4764K, committed 5120K, reserved 1048576K
}
Event: 1049.249 GC heap after
{Heap after GC invocations=761 (full 652):
 PSYoungGen      total 35840K, used 25087K [0x00000000f5580000, 0x00000000f9c00000, 0x0000000100000000)
  eden space 25088K, 99% used [0x00000000f5580000,0x00000000f6dffff8,0x00000000f6e00000)
  from space 10752K, 0% used [0x00000000f6e00000,0x00000000f6e00000,0x00000000f7880000)
  to   space 21504K, 0% used [0x00000000f8700000,0x00000000f8700000,0x00000000f9c00000)
 ParOldGen       total 349696K, used 349692K [0x00000000e0000000, 0x00000000f5580000, 0x00000000f5580000)
  object space 349696K, 99% used [0x00000000e0000000,0x00000000f557f220,0x00000000f5580000)
 Metaspace       used 47955K, committed 48704K, reserved 1097728K
  class space    used 4764K, committed 5120K, reserved 1048576K
}
Event: 1049.249 GC heap before
{Heap before GC invocations=762 (full 653):
 PSYoungGen      total 35840K, used 25087K [0x00000000f5580000, 0x00000000f9c00000, 0x0000000100000000)
  eden space 25088K, 99% used [0x00000000f5580000,0x00000000f6dffff8,0x00000000f6e00000)
  from space 10752K, 0% used [0x00000000f6e00000,0x00000000f6e00000,0x00000000f7880000)
  to   space 21504K, 0% used [0x00000000f8700000,0x00000000f8700000,0x00000000f9c00000)
 ParOldGen       total 349696K, used 349692K [0x00000000e0000000, 0x00000000f5580000, 0x00000000f5580000)
  object space 349696K, 99% used [0x00000000e0000000,0x00000000f557f310,0x00000000f5580000)
 Metaspace       used 47955K, committed 48704K, reserved 1097728K
  class space    used 4764K, committed 5120K, reserved 1048576K
}
Event: 1050.744 GC heap after
{Heap after GC invocations=762 (full 653):
 PSYoungGen      total 46592K, used 25087K [0x00000000f5580000, 0x00000000f9c00000, 0x0000000100000000)
  eden space 25088K, 99% used [0x00000000f5580000,0x00000000f6dffff8,0x00000000f6e00000)
  from space 21504K, 0% used [0x00000000f8700000,0x00000000f8700000,0x00000000f9c00000)
  to   space 10752K, 0% used [0x00000000f6e00000,0x00000000f6e00000,0x00000000f7880000)
 ParOldGen       total 349696K, used 349692K [0x00000000e0000000, 0x00000000f5580000, 0x00000000f5580000)
  object space 349696K, 99% used [0x00000000e0000000,0x00000000f557f220,0x00000000f5580000)
 Metaspace       used 47955K, committed 48704K, reserved 1097728K
  class space    used 4764K, committed 5120K, reserved 1048576K
}
Event: 1050.745 GC heap before
{Heap before GC invocations=763 (full 654):
 PSYoungGen      total 46592K, used 25087K [0x00000000f5580000, 0x00000000f9c00000, 0x0000000100000000)
  eden space 25088K, 99% used [0x00000000f5580000,0x00000000f6dffff8,0x00000000f6e00000)
  from space 21504K, 0% used [0x00000000f8700000,0x00000000f8700000,0x00000000f9c00000)
  to   space 10752K, 0% used [0x00000000f6e00000,0x00000000f6e00000,0x00000000f7880000)
 ParOldGen       total 349696K, used 349693K [0x00000000e0000000, 0x00000000f5580000, 0x00000000f5580000)
  object space 349696K, 99% used [0x00000000e0000000,0x00000000f557f568,0x00000000f5580000)
 Metaspace       used 47955K, committed 48704K, reserved 1097728K
  class space    used 4764K, committed 5120K, reserved 1048576K
}
Event: 1052.322 GC heap after
{Heap after GC invocations=763 (full 654):
 PSYoungGen      total 35840K, used 25087K [0x00000000f5580000, 0x00000000f9c00000, 0x0000000100000000)
  eden space 25088K, 99% used [0x00000000f5580000,0x00000000f6dffff8,0x00000000f6e00000)
  from space 10752K, 0% used [0x00000000f6e00000,0x00000000f6e00000,0x00000000f7880000)
  to   space 21504K, 0% used [0x00000000f8700000,0x00000000f8700000,0x00000000f9c00000)
 ParOldGen       total 349696K, used 349692K [0x00000000e0000000, 0x00000000f5580000, 0x00000000f5580000)
  object space 349696K, 99% used [0x00000000e0000000,0x00000000f557f310,0x00000000f5580000)
 Metaspace       used 47955K, committed 48704K, reserved 1097728K
  class space    used 4764K, committed 5120K, reserved 1048576K
}
Event: 1052.322 GC heap before
{Heap before GC invocations=764 (full 655):
 PSYoungGen      total 35840K, used 25087K [0x00000000f5580000, 0x00000000f9c00000, 0x0000000100000000)
  eden space 25088K, 99% used [0x00000000f5580000,0x00000000f6dffff8,0x00000000f6e00000)
  from space 10752K, 0% used [0x00000000f6e00000,0x00000000f6e00000,0x00000000f7880000)
  to   space 21504K, 0% used [0x00000000f8700000,0x00000000f8700000,0x00000000f9c00000)
 ParOldGen       total 349696K, used 349695K [0x00000000e0000000, 0x00000000f5580000, 0x00000000f5580000)
  object space 349696K, 99% used [0x00000000e0000000,0x00000000f557ffb8,0x00000000f5580000)
 Metaspace       used 47955K, committed 48704K, reserved 1097728K
  class space    used 4764K, committed 5120K, reserved 1048576K
}
Event: 1053.856 GC heap after
{Heap after GC invocations=764 (full 655):
 PSYoungGen      total 46592K, used 25087K [0x00000000f5580000, 0x00000000f9c00000, 0x0000000100000000)
  eden space 25088K, 99% used [0x00000000f5580000,0x00000000f6dfffb8,0x00000000f6e00000)
  from space 21504K, 0% used [0x00000000f8700000,0x00000000f8700000,0x00000000f9c00000)
  to   space 10752K, 0% used [0x00000000f6e00000,0x00000000f6e00000,0x00000000f7880000)
 ParOldGen       total 349696K, used 349695K [0x00000000e0000000, 0x00000000f5580000, 0x00000000f5580000)
  object space 349696K, 99% used [0x00000000e0000000,0x00000000f557ff78,0x00000000f5580000)
 Metaspace       used 47955K, committed 48704K, reserved 1097728K
  class space    used 4764K, committed 5120K, reserved 1048576K
}
Event: 1053.856 GC heap before
{Heap before GC invocations=765 (full 656):
 PSYoungGen      total 46592K, used 25087K [0x00000000f5580000, 0x00000000f9c00000, 0x0000000100000000)
  eden space 25088K, 99% used [0x00000000f5580000,0x00000000f6dfffb8,0x00000000f6e00000)
  from space 21504K, 0% used [0x00000000f8700000,0x00000000f8700000,0x00000000f9c00000)
  to   space 10752K, 0% used [0x00000000f6e00000,0x00000000f6e00000,0x00000000f7880000)
 ParOldGen       total 349696K, used 349695K [0x00000000e0000000, 0x00000000f5580000, 0x00000000f5580000)
  object space 349696K, 99% used [0x00000000e0000000,0x00000000f557ff78,0x00000000f5580000)
 Metaspace       used 47955K, committed 48704K, reserved 1097728K
  class space    used 4764K, committed 5120K, reserved 1048576K
}
Event: 1055.333 GC heap after
{Heap after GC invocations=765 (full 656):
 PSYoungGen      total 35840K, used 25087K [0x00000000f5580000, 0x00000000f9c00000, 0x0000000100000000)
  eden space 25088K, 99% used [0x00000000f5580000,0x00000000f6dfffb8,0x00000000f6e00000)
  from space 10752K, 0% used [0x00000000f6e00000,0x00000000f6e00000,0x00000000f7880000)
  to   space 21504K, 0% used [0x00000000f8700000,0x00000000f8700000,0x00000000f9c00000)
 ParOldGen       total 349696K, used 349695K [0x00000000e0000000, 0x00000000f5580000, 0x00000000f5580000)
  object space 349696K, 99% used [0x00000000e0000000,0x00000000f557ff78,0x00000000f5580000)
 Metaspace       used 47955K, committed 48704K, reserved 1097728K
  class space    used 4764K, committed 5120K, reserved 1048576K
}

