# JRE version: OpenJDK Runtime Environment GraalVM CE 22.3.0 (17.0.5+8) (build 17.0.5+8-jvmci-22.3-b08)
# Java VM: OpenJDK 64-Bit Server VM GraalVM CE 22.3.0 (17.0.5+8-jvmci-22.3-b08, mixed mode, sharing, tiered, jvmci, jvmci compiler, compressed oops, compressed class ptrs, parallel gc, linux-amd64)
GC Precious Log:
 CPUs: 8 total, 1 available
 Memory: 1024M
 Large Page Support: Disabled
 NUMA Support: Disabled
 Compressed Oops: Enabled (32-bit)
 Alignments: Space 512K, Generation 512K, Heap 2M
 Heap Min Capacity: 100M
 Heap Initial Capacity: 100M
 Heap Max Capacity: 512M
 Pre-touch: Disabled
 Parallel Workers: 1
Heap:
 PSYoungGen      total 46080K, used 31232K [0x00000000f5580000, 0x00000000f9380000, 0x0000000100000000)
  eden space 31232K, 100% used [0x00000000f5580000,0x00000000f7400000,0x00000000f7400000)
  from space 14848K, 0% used [0x00000000f8380000,0x00000000f8380000,0x00000000f9200000)
  to   space 15360K, 0% used [0x00000000f7400000,0x00000000f7400000,0x00000000f8300000)
 ParOldGen       total 349696K, used 349695K [0x00000000e0000000, 0x00000000f5580000, 0x00000000f5580000)
  object space 349696K, 99% used [0x00000000e0000000,0x00000000f557ff58,0x00000000f5580000)
 Metaspace       used 43622K, committed 44416K, reserved 1089536K
  class space    used 4488K, committed 4800K, reserved 1048576K
GC Heap History (20 events):
Event: 1118.909 GC heap before
{Heap before GC invocations=877 (full 790):
 PSYoungGen      total 46080K, used 31232K [0x00000000f5580000, 0x00000000f9380000, 0x0000000100000000)
  eden space 31232K, 100% used [0x00000000f5580000,0x00000000f7400000,0x00000000f7400000)
  from space 14848K, 0% used [0x00000000f8380000,0x00000000f8380000,0x00000000f9200000)
  to   space 15360K, 0% used [0x00000000f7400000,0x00000000f7400000,0x00000000f8300000)
 ParOldGen       total 349696K, used 349696K [0x00000000e0000000, 0x00000000f5580000, 0x00000000f5580000)
  object space 349696K, 100% used [0x00000000e0000000,0x00000000f5580000,0x00000000f5580000)
 Metaspace       used 43621K, committed 44416K, reserved 1089536K
  class space    used 4488K, committed 4800K, reserved 1048576K
}
Event: 1120.358 GC heap after
{Heap after GC invocations=877 (full 790):
 PSYoungGen      total 46592K, used 31231K [0x00000000f5580000, 0x00000000f9380000, 0x0000000100000000)
  eden space 31232K, 99% used [0x00000000f5580000,0x00000000f73fffb0,0x00000000f7400000)
  from space 15360K, 0% used [0x00000000f7400000,0x00000000f7400000,0x00000000f8300000)
  to   space 14848K, 0% used [0x00000000f8380000,0x00000000f8380000,0x00000000f9200000)
 ParOldGen       total 349696K, used 349694K [0x00000000e0000000, 0x00000000f5580000, 0x00000000f5580000)
  object space 349696K, 99% used [0x00000000e0000000,0x00000000f557fa00,0x00000000f5580000)
 Metaspace       used 43621K, committed 44416K, reserved 1089536K
  class space    used 4488K, committed 4800K, reserved 1048576K
}
Event: 1120.359 GC heap before
{Heap before GC invocations=878 (full 791):
 PSYoungGen      total 46592K, used 31231K [0x00000000f5580000, 0x00000000f9380000, 0x0000000100000000)
  eden space 31232K, 99% used [0x00000000f5580000,0x00000000f73ffff8,0x00000000f7400000)
  from space 15360K, 0% used [0x00000000f7400000,0x00000000f7400000,0x00000000f8300000)
  to   space 14848K, 0% used [0x00000000f8380000,0x00000000f8380000,0x00000000f9200000)
 ParOldGen       total 349696K, used 349694K [0x00000000e0000000, 0x00000000f5580000, 0x00000000f5580000)
  object space 349696K, 99% used [0x00000000e0000000,0x00000000f557fa00,0x00000000f5580000)
 Metaspace       used 43621K, committed 44416K, reserved 1089536K
  class space    used 4488K, committed 4800K, reserved 1048576K
}
Event: 1121.564 GC heap after
{Heap after GC invocations=878 (full 791):
 PSYoungGen      total 46080K, used 31231K [0x00000000f5580000, 0x00000000f9380000, 0x0000000100000000)
  eden space 31232K, 99% used [0x00000000f5580000,0x00000000f73fffa8,0x00000000f7400000)
  from space 14848K, 0% used [0x00000000f8380000,0x00000000f8380000,0x00000000f9200000)
  to   space 15360K, 0% used [0x00000000f7400000,0x00000000f7400000,0x00000000f8300000)
 ParOldGen       total 349696K, used 349694K [0x00000000e0000000, 0x00000000f5580000, 0x00000000f5580000)
  object space 349696K, 99% used [0x00000000e0000000,0x00000000f557f8d8,0x00000000f5580000)
 Metaspace       used 43621K, committed 44416K, reserved 1089536K
  class space    used 4488K, committed 4800K, reserved 1048576K
}
Event: 1121.564 GC heap before
{Heap before GC invocations=879 (full 792):
 PSYoungGen      total 46080K, used 31231K [0x00000000f5580000, 0x00000000f9380000, 0x0000000100000000)
  eden space 31232K, 99% used [0x00000000f5580000,0x00000000f73ffff8,0x00000000f7400000)
  from space 14848K, 0% used [0x00000000f8380000,0x00000000f8380000,0x00000000f9200000)
  to   space 15360K, 0% used [0x00000000f7400000,0x00000000f7400000,0x00000000f8300000)
 ParOldGen       total 349696K, used 349694K [0x00000000e0000000, 0x00000000f5580000, 0x00000000f5580000)
  object space 349696K, 99% used [0x00000000e0000000,0x00000000f557f8d8,0x00000000f5580000)
 Metaspace       used 43621K, committed 44416K, reserved 1089536K
  class space    used 4488K, committed 4800K, reserved 1048576K
}
Event: 1122.756 GC heap after
{Heap after GC invocations=879 (full 792):
 PSYoungGen      total 46592K, used 31231K [0x00000000f5580000, 0x00000000f9380000, 0x0000000100000000)
  eden space 31232K, 99% used [0x00000000f5580000,0x00000000f73fffc8,0x00000000f7400000)
  from space 15360K, 0% used [0x00000000f7400000,0x00000000f7400000,0x00000000f8300000)
  to   space 14848K, 0% used [0x00000000f8380000,0x00000000f8380000,0x00000000f9200000)
 ParOldGen       total 349696K, used 349694K [0x00000000e0000000, 0x00000000f5580000, 0x00000000f5580000)
  object space 349696K, 99% used [0x00000000e0000000,0x00000000f557f8d8,0x00000000f5580000)
 Metaspace       used 43621K, committed 44416K, reserved 1089536K
  class space    used 4488K, committed 4800K, reserved 1048576K
}
Event: 1122.757 GC heap before
{Heap before GC invocations=880 (full 793):
 PSYoungGen      total 46592K, used 31231K [0x00000000f5580000, 0x00000000f9380000, 0x0000000100000000)
  eden space 31232K, 99% used [0x00000000f5580000,0x00000000f73ffff8,0x00000000f7400000)
  from space 15360K, 0% used [0x00000000f7400000,0x00000000f7400000,0x00000000f8300000)
  to   space 14848K, 0% used [0x00000000f8380000,0x00000000f8380000,0x00000000f9200000)
 ParOldGen       total 349696K, used 349694K [0x00000000e0000000, 0x00000000f5580000, 0x00000000f5580000)
  object space 349696K, 99% used [0x00000000e0000000,0x00000000f557f8d8,0x00000000f5580000)
 Metaspace       used 43621K, committed 44416K, reserved 1089536K
  class space    used 4488K, committed 4800K, reserved 1048576K
}
Event: 1124.260 GC heap after
{Heap after GC invocations=880 (full 793):
 PSYoungGen      total 46080K, used 31231K [0x00000000f5580000, 0x00000000f9380000, 0x0000000100000000)
  eden space 31232K, 99% used [0x00000000f5580000,0x00000000f73fffc8,0x00000000f7400000)
  from space 14848K, 0% used [0x00000000f8380000,0x00000000f8380000,0x00000000f9200000)
  to   space 15360K, 0% used [0x00000000f7400000,0x00000000f7400000,0x00000000f8300000)
 ParOldGen       total 349696K, used 349694K [0x00000000e0000000, 0x00000000f5580000, 0x00000000f5580000)
  object space 349696K, 99% used [0x00000000e0000000,0x00000000f557f8d8,0x00000000f5580000)
 Metaspace       used 43621K, committed 44416K, reserved 1089536K
  class space    used 4488K, committed 4800K, reserved 1048576K
}
Event: 1124.266 GC heap before
{Heap before GC invocations=881 (full 794):
 PSYoungGen      total 46080K, used 31231K [0x00000000f5580000, 0x00000000f9380000, 0x0000000100000000)
  eden space 31232K, 99% used [0x00000000f5580000,0x00000000f73ffff8,0x00000000f7400000)
  from space 14848K, 0% used [0x00000000f8380000,0x00000000f8380000,0x00000000f9200000)
  to   space 15360K, 0% used [0x00000000f7400000,0x00000000f7400000,0x00000000f8300000)
 ParOldGen       total 349696K, used 349694K [0x00000000e0000000, 0x00000000f5580000, 0x00000000f5580000)
  object space 349696K, 99% used [0x00000000e0000000,0x00000000f557f8d8,0x00000000f5580000)
 Metaspace       used 43621K, committed 44416K, reserved 1089536K
  class space    used 4488K, committed 4800K, reserved 1048576K
}
Event: 1125.754 GC heap after
{Heap after GC invocations=881 (full 794):
 PSYoungGen      total 46592K, used 31231K [0x00000000f5580000, 0x00000000f9380000, 0x0000000100000000)
  eden space 31232K, 99% used [0x00000000f5580000,0x00000000f73fffc8,0x00000000f7400000)
  from space 15360K, 0% used [0x00000000f7400000,0x00000000f7400000,0x00000000f8300000)
  to   space 14848K, 0% used [0x00000000f8380000,0x00000000f8380000,0x00000000f9200000)
 ParOldGen       total 349696K, used 349694K [0x00000000e0000000, 0x00000000f5580000, 0x00000000f5580000)
  object space 349696K, 99% used [0x00000000e0000000,0x00000000f557f8d8,0x00000000f5580000)
 Metaspace       used 43621K, committed 44416K, reserved 1089536K
  class space    used 4488K, committed 4800K, reserved 1048576K
}
Event: 1125.757 GC heap before
{Heap before GC invocations=882 (full 795):
 PSYoungGen      total 46592K, used 31231K [0x00000000f5580000, 0x00000000f9380000, 0x0000000100000000)
  eden space 31232K, 99% used [0x00000000f5580000,0x00000000f73ffff8,0x00000000f7400000)
  from space 15360K, 0% used [0x00000000f7400000,0x00000000f7400000,0x00000000f8300000)
  to   space 14848K, 0% used [0x00000000f8380000,0x00000000f8380000,0x00000000f9200000)
 ParOldGen       total 349696K, used 349694K [0x00000000e0000000, 0x00000000f5580000, 0x00000000f5580000)
  object space 349696K, 99% used [0x00000000e0000000,0x00000000f557f8d8,0x00000000f5580000)
 Metaspace       used 43621K, committed 44416K, reserved 1089536K
  class space    used 4488K, committed 4800K, reserved 1048576K
}
Event: 1127.088 GC heap after
{Heap after GC invocations=882 (full 795):
 PSYoungGen      total 46080K, used 31231K [0x00000000f5580000, 0x00000000f9380000, 0x0000000100000000)
  eden space 31232K, 99% used [0x00000000f5580000,0x00000000f73fffc8,0x00000000f7400000)
  from space 14848K, 0% used [0x00000000f8380000,0x00000000f8380000,0x00000000f9200000)
  to   space 15360K, 0% used [0x00000000f7400000,0x00000000f7400000,0x00000000f8300000)
 ParOldGen       total 349696K, used 349694K [0x00000000e0000000, 0x00000000f5580000, 0x00000000f5580000)
  object space 349696K, 99% used [0x00000000e0000000,0x00000000f557f8d8,0x00000000f5580000)
 Metaspace       used 43621K, committed 44416K, reserved 1089536K
  class space    used 4488K, committed 4800K, reserved 1048576K
}
Event: 1127.089 GC heap before
{Heap before GC invocations=883 (full 796):
 PSYoungGen      total 46080K, used 31231K [0x00000000f5580000, 0x00000000f9380000, 0x0000000100000000)
  eden space 31232K, 99% used [0x00000000f5580000,0x00000000f73ffff8,0x00000000f7400000)
  from space 14848K, 0% used [0x00000000f8380000,0x00000000f8380000,0x00000000f9200000)
  to   space 15360K, 0% used [0x00000000f7400000,0x00000000f7400000,0x00000000f8300000)
 ParOldGen       total 349696K, used 349694K [0x00000000e0000000, 0x00000000f5580000, 0x00000000f5580000)
  object space 349696K, 99% used [0x00000000e0000000,0x00000000f557f8d8,0x00000000f5580000)
 Metaspace       used 43621K, committed 44416K, reserved 1089536K
  class space    used 4488K, committed 4800K, reserved 1048576K
}
Event: 1128.361 GC heap after
{Heap after GC invocations=883 (full 796):
 PSYoungGen      total 46592K, used 31231K [0x00000000f5580000, 0x00000000f9380000, 0x0000000100000000)
  eden space 31232K, 99% used [0x00000000f5580000,0x00000000f73fffc8,0x00000000f7400000)
  from space 15360K, 0% used [0x00000000f7400000,0x00000000f7400000,0x00000000f8300000)
  to   space 14848K, 0% used [0x00000000f8380000,0x00000000f8380000,0x00000000f9200000)
 ParOldGen       total 349696K, used 349694K [0x00000000e0000000, 0x00000000f5580000, 0x00000000f5580000)
  object space 349696K, 99% used [0x00000000e0000000,0x00000000f557f8d8,0x00000000f5580000)
 Metaspace       used 43621K, committed 44416K, reserved 1089536K
  class space    used 4488K, committed 4800K, reserved 1048576K
}
Event: 1128.361 GC heap before
{Heap before GC invocations=884 (full 797):
 PSYoungGen      total 46592K, used 31231K [0x00000000f5580000, 0x00000000f9380000, 0x0000000100000000)
  eden space 31232K, 99% used [0x00000000f5580000,0x00000000f73ffff8,0x00000000f7400000)
  from space 15360K, 0% used [0x00000000f7400000,0x00000000f7400000,0x00000000f8300000)
  to   space 14848K, 0% used [0x00000000f8380000,0x00000000f8380000,0x00000000f9200000)
 ParOldGen       total 349696K, used 349694K [0x00000000e0000000, 0x00000000f5580000, 0x00000000f5580000)
  object space 349696K, 99% used [0x00000000e0000000,0x00000000f557f8d8,0x00000000f5580000)
 Metaspace       used 43622K, committed 44416K, reserved 1089536K
  class space    used 4488K, committed 4800K, reserved 1048576K
}
Event: 1129.704 GC heap after
{Heap after GC invocations=884 (full 797):
 PSYoungGen      total 46080K, used 31231K [0x00000000f5580000, 0x00000000f9380000, 0x0000000100000000)
  eden space 31232K, 99% used [0x00000000f5580000,0x00000000f73fffc8,0x00000000f7400000)
  from space 14848K, 0% used [0x00000000f8380000,0x00000000f8380000,0x00000000f9200000)
  to   space 15360K, 0% used [0x00000000f7400000,0x00000000f7400000,0x00000000f8300000)
 ParOldGen       total 349696K, used 349694K [0x00000000e0000000, 0x00000000f5580000, 0x00000000f5580000)
  object space 349696K, 99% used [0x00000000e0000000,0x00000000f557f8d8,0x00000000f5580000)
 Metaspace       used 43622K, committed 44416K, reserved 1089536K
  class space    used 4488K, committed 4800K, reserved 1048576K
}
Event: 1129.704 GC heap before
{Heap before GC invocations=885 (full 798):
 PSYoungGen      total 46080K, used 31231K [0x00000000f5580000, 0x00000000f9380000, 0x0000000100000000)
  eden space 31232K, 99% used [0x00000000f5580000,0x00000000f73ffff8,0x00000000f7400000)
  from space 14848K, 0% used [0x00000000f8380000,0x00000000f8380000,0x00000000f9200000)
  to   space 15360K, 0% used [0x00000000f7400000,0x00000000f7400000,0x00000000f8300000)
 ParOldGen       total 349696K, used 349694K [0x00000000e0000000, 0x00000000f5580000, 0x00000000f5580000)
  object space 349696K, 99% used [0x00000000e0000000,0x00000000f557f8d8,0x00000000f5580000)
 Metaspace       used 43622K, committed 44416K, reserved 1089536K
  class space    used 4488K, committed 4800K, reserved 1048576K
}
Event: 1131.104 GC heap after
{Heap after GC invocations=885 (full 798):
 PSYoungGen      total 46592K, used 31231K [0x00000000f5580000, 0x00000000f9380000, 0x0000000100000000)
  eden space 31232K, 99% used [0x00000000f5580000,0x00000000f73fffc8,0x00000000f7400000)
  from space 15360K, 0% used [0x00000000f7400000,0x00000000f7400000,0x00000000f8300000)
  to   space 14848K, 0% used [0x00000000f8380000,0x00000000f8380000,0x00000000f9200000)
 ParOldGen       total 349696K, used 349694K [0x00000000e0000000, 0x00000000f5580000, 0x00000000f5580000)
  object space 349696K, 99% used [0x00000000e0000000,0x00000000f557f8b8,0x00000000f5580000)
 Metaspace       used 43622K, committed 44416K, reserved 1089536K
  class space    used 4488K, committed 4800K, reserved 1048576K
}
Event: 1131.104 GC heap before
{Heap before GC invocations=886 (full 799):
 PSYoungGen      total 46592K, used 31231K [0x00000000f5580000, 0x00000000f9380000, 0x0000000100000000)
  eden space 31232K, 99% used [0x00000000f5580000,0x00000000f73fffc8,0x00000000f7400000)
  from space 15360K, 0% used [0x00000000f7400000,0x00000000f7400000,0x00000000f8300000)
  to   space 14848K, 0% used [0x00000000f8380000,0x00000000f8380000,0x00000000f9200000)
 ParOldGen       total 349696K, used 349694K [0x00000000e0000000, 0x00000000f5580000, 0x00000000f5580000)
  object space 349696K, 99% used [0x00000000e0000000,0x00000000f557f8b8,0x00000000f5580000)
 Metaspace       used 43622K, committed 44416K, reserved 1089536K
  class space    used 4488K, committed 4800K, reserved 1048576K
}
Event: 1132.455 GC heap after
{Heap after GC invocations=886 (full 799):
 PSYoungGen      total 46080K, used 31231K [0x00000000f5580000, 0x00000000f9380000, 0x0000000100000000)
  eden space 31232K, 99% used [0x00000000f5580000,0x00000000f73fffc8,0x00000000f7400000)
  from space 14848K, 0% used [0x00000000f8380000,0x00000000f8380000,0x00000000f9200000)
  to   space 15360K, 0% used [0x00000000f7400000,0x00000000f7400000,0x00000000f8300000)
 ParOldGen       total 349696K, used 349694K [0x00000000e0000000, 0x00000000f5580000, 0x00000000f5580000)
  object space 349696K, 99% used [0x00000000e0000000,0x00000000f557f8b8,0x00000000f5580000)
 Metaspace       used 43622K, committed 44416K, reserved 1089536K
  class space    used 4488K, committed 4800K, reserved 1048576K
}

